# JRE version: Java(TM) SE Runtime Environment (18.0+36) (build 18+36-2087)
# Java VM: Java HotSpot(TM) 64-Bit Server VM (18+36-2087, mixed mode, sharing, tiered, compressed oops, compressed class ptrs, g1 gc, windows-amd64)
GC Precious Log:
 CardTable entry size: 512
 Card Set container configuration: InlinePtr #cards 5 size 8 Array Of Cards #cards 12 size 40 Howl #buckets 4 coarsen threshold 1843 Howl Bitmap #cards 512 size 80 coarsen threshold 460 Card regions per heap region 1 cards per card region 2048
 CPUs: 8 total, 8 available
 Memory: 7934M
 Large Page Support: Disabled
 NUMA Support: Disabled
 Compressed Oops: Enabled (32-bit)
 Heap Region Size: 1M
 Heap Min Capacity: 8M
 Heap Initial Capacity: 124M
 Heap Max Capacity: 1984M
 Pre-touch: Disabled
 Parallel Workers: 8
 Concurrent Workers: 2
 Concurrent Refinement Workers: 8
 Periodic GC: Disabled
Heap:
 garbage-first heap   total 122880K, used 66476K [0x0000000084000000, 0x0000000100000000)
  region size 1024K, 17 young (17408K), 1 survivors (1024K)
 Metaspace       used 33765K, committed 34304K, reserved 1114112K
  class space    used 3649K, committed 3904K, reserved 1048576K
GC Heap History (20 events):
Event: 14.937 GC heap before
{Heap before GC invocations=7 (full 0):
 garbage-first heap   total 96256K, used 73389K [0x0000000084000000, 0x0000000100000000)
  region size 1024K, 41 young (41984K), 10 survivors (10240K)
 Metaspace       used 23997K, committed 24384K, reserved 1114112K
  class space    used 2592K, committed 2752K, reserved 1048576K
}
Event: 14.969 GC heap after
{Heap after GC invocations=8 (full 0):
 garbage-first heap   total 96256K, used 46080K [0x0000000084000000, 0x0000000100000000)
  region size 1024K, 6 young (6144K), 6 survivors (6144K)
 Metaspace       used 23997K, committed 24384K, reserved 1114112K
  class space    used 2592K, committed 2752K, reserved 1048576K
}
Event: 18.607 GC heap before
{Heap before GC invocations=8 (full 0):
 garbage-first heap   total 96256K, used 70656K [0x0000000084000000, 0x0000000100000000)
  region size 1024K, 31 young (31744K), 6 survivors (6144K)
 Metaspace       used 25740K, committed 26112K, reserved 1114112K
  class space    used 2785K, committed 2944K, reserved 1048576K
}
Event: 18.624 GC heap after
{Heap after GC invocations=9 (full 0):
 garbage-first heap   total 96256K, used 47616K [0x0000000084000000, 0x0000000100000000)
  region size 1024K, 2 young (2048K), 2 survivors (2048K)
 Metaspace       used 25740K, committed 26112K, reserved 1114112K
  class space    used 2785K, committed 2944K, reserved 1048576K
}
Event: 20.174 GC heap before
{Heap before GC invocations=9 (full 0):
 garbage-first heap   total 96256K, used 74240K [0x0000000084000000, 0x0000000100000000)
  region size 1024K, 28 young (28672K), 2 survivors (2048K)
 Metaspace       used 26798K, committed 27264K, reserved 1114112K
  class space    used 2901K, committed 3136K, reserved 1048576K
}
Event: 20.183 GC heap after
{Heap after GC invocations=10 (full 0):
 garbage-first heap   total 96256K, used 48587K [0x0000000084000000, 0x0000000100000000)
  region size 1024K, 3 young (3072K), 3 survivors (3072K)
 Metaspace       used 26798K, committed 27264K, reserved 1114112K
  class space    used 2901K, committed 3136K, reserved 1048576K
}
Event: 21.237 GC heap before
{Heap before GC invocations=11 (full 0):
 garbage-first heap   total 96256K, used 74187K [0x0000000084000000, 0x0000000100000000)
  region size 1024K, 29 young (29696K), 3 survivors (3072K)
 Metaspace       used 27046K, committed 27584K, reserved 1114112K
  class space    used 2915K, committed 3136K, reserved 1048576K
}
Event: 21.249 GC heap after
{Heap after GC invocations=12 (full 0):
 garbage-first heap   total 96256K, used 49524K [0x0000000084000000, 0x0000000100000000)
  region size 1024K, 3 young (3072K), 3 survivors (3072K)
 Metaspace       used 27046K, committed 27584K, reserved 1114112K
  class space    used 2915K, committed 3136K, reserved 1048576K
}
Event: 22.184 GC heap before
{Heap before GC invocations=12 (full 0):
 garbage-first heap   total 96256K, used 76148K [0x0000000084000000, 0x0000000100000000)
  region size 1024K, 29 young (29696K), 3 survivors (3072K)
 Metaspace       used 27235K, committed 27712K, reserved 1114112K
  class space    used 2919K, committed 3136K, reserved 1048576K
}
Event: 22.193 GC heap after
{Heap after GC invocations=13 (full 0):
 garbage-first heap   total 115712K, used 49900K [0x0000000084000000, 0x0000000100000000)
  region size 1024K, 3 young (3072K), 3 survivors (3072K)
 Metaspace       used 27235K, committed 27712K, reserved 1114112K
  class space    used 2919K, committed 3136K, reserved 1048576K
}
Event: 27.304 GC heap before
{Heap before GC invocations=14 (full 0):
 garbage-first heap   total 115712K, used 91884K [0x0000000084000000, 0x0000000100000000)
  region size 1024K, 44 young (45056K), 3 survivors (3072K)
 Metaspace       used 29116K, committed 29632K, reserved 1114112K
  class space    used 3125K, committed 3328K, reserved 1048576K
}
Event: 27.321 GC heap after
{Heap after GC invocations=15 (full 0):
 garbage-first heap   total 115712K, used 51355K [0x0000000084000000, 0x0000000100000000)
  region size 1024K, 4 young (4096K), 4 survivors (4096K)
 Metaspace       used 29116K, committed 29632K, reserved 1114112K
  class space    used 3125K, committed 3328K, reserved 1048576K
}
Event: 29.962 GC heap before
{Heap before GC invocations=15 (full 0):
 garbage-first heap   total 115712K, used 93339K [0x0000000084000000, 0x0000000100000000)
  region size 1024K, 45 young (46080K), 4 survivors (4096K)
 Metaspace       used 30220K, committed 30784K, reserved 1114112K
  class space    used 3210K, committed 3520K, reserved 1048576K
}
Event: 29.984 GC heap after
{Heap after GC invocations=16 (full 0):
 garbage-first heap   total 115712K, used 52872K [0x0000000084000000, 0x0000000100000000)
  region size 1024K, 5 young (5120K), 5 survivors (5120K)
 Metaspace       used 30220K, committed 30784K, reserved 1114112K
  class space    used 3210K, committed 3520K, reserved 1048576K
}
Event: 30.676 GC heap before
{Heap before GC invocations=16 (full 0):
 garbage-first heap   total 115712K, used 71304K [0x0000000084000000, 0x0000000100000000)
  region size 1024K, 20 young (20480K), 5 survivors (5120K)
 Metaspace       used 31710K, committed 32320K, reserved 1114112K
  class space    used 3415K, committed 3712K, reserved 1048576K
}
Event: 30.695 GC heap after
{Heap after GC invocations=17 (full 0):
 garbage-first heap   total 115712K, used 58159K [0x0000000084000000, 0x0000000100000000)
  region size 1024K, 4 young (4096K), 4 survivors (4096K)
 Metaspace       used 31710K, committed 32320K, reserved 1114112K
  class space    used 3415K, committed 3712K, reserved 1048576K
}
Event: 31.841 GC heap before
{Heap before GC invocations=18 (full 0):
 garbage-first heap   total 115712K, used 115503K [0x0000000084000000, 0x0000000100000000)
  region size 1024K, 40 young (40960K), 4 survivors (4096K)
 Metaspace       used 32313K, committed 32896K, reserved 1114112K
  class space    used 3477K, committed 3712K, reserved 1048576K
}
Event: 31.871 GC heap after
{Heap after GC invocations=19 (full 0):
 garbage-first heap   total 122880K, used 56412K [0x0000000084000000, 0x0000000100000000)
  region size 1024K, 4 young (4096K), 4 survivors (4096K)
 Metaspace       used 32313K, committed 32896K, reserved 1114112K
  class space    used 3477K, committed 3712K, reserved 1048576K
}
Event: 31.936 GC heap before
{Heap before GC invocations=19 (full 0):
 garbage-first heap   total 122880K, used 58460K [0x0000000084000000, 0x0000000100000000)
  region size 1024K, 6 young (6144K), 4 survivors (4096K)
 Metaspace       used 32595K, committed 33152K, reserved 1114112K
  class space    used 3509K, committed 3776K, reserved 1048576K
}
Event: 31.945 GC heap after
{Heap after GC invocations=20 (full 0):
 garbage-first heap   total 122880K, used 51116K [0x0000000084000000, 0x0000000100000000)
  region size 1024K, 1 young (1024K), 1 survivors (1024K)
 Metaspace       used 32595K, committed 33152K, reserved 1114112K
  class space    used 3509K, committed 3776K, reserved 1048576K
}

