# JRE version: Java(TM) SE Runtime Environment (18.0+36) (build 18+36-2087)
# Java VM: Java HotSpot(TM) 64-Bit Server VM (18+36-2087, mixed mode, sharing, tiered, compressed oops, compressed class ptrs, g1 gc, windows-amd64)
GC Precious Log:
 CardTable entry size: 512
 Card Set container configuration: InlinePtr #cards 5 size 8 Array Of Cards #cards 12 size 40 Howl #buckets 4 coarsen threshold 1843 Howl Bitmap #cards 512 size 80 coarsen threshold 460 Card regions per heap region 1 cards per card region 2048
 CPUs: 8 total, 8 available
 Memory: 7934M
 Large Page Support: Disabled
 NUMA Support: Disabled
 Compressed Oops: Enabled (32-bit)
 Heap Region Size: 1M
 Heap Min Capacity: 8M
 Heap Initial Capacity: 124M
 Heap Max Capacity: 1984M
 Pre-touch: Disabled
 Parallel Workers: 8
 Concurrent Workers: 2
 Concurrent Refinement Workers: 8
 Periodic GC: Disabled
Heap:
 garbage-first heap   total 114688K, used 59541K [0x0000000084000000, 0x0000000100000000)
  region size 1024K, 11 young (11264K), 2 survivors (2048K)
 Metaspace       used 28912K, committed 29376K, reserved 1114112K
  class space    used 3127K, committed 3328K, reserved 1048576K
GC Heap History (20 events):
Event: 4.648 GC heap before
{Heap before GC invocations=3 (full 0):
 garbage-first heap   total 126976K, used 78894K [0x0000000084000000, 0x0000000100000000)
  region size 1024K, 74 young (75776K), 10 survivors (10240K)
 Metaspace       used 14801K, committed 15104K, reserved 1114112K
  class space    used 1576K, committed 1728K, reserved 1048576K
}
Event: 4.666 GC heap after
{Heap after GC invocations=4 (full 0):
 garbage-first heap   total 126976K, used 17616K [0x0000000084000000, 0x0000000100000000)
  region size 1024K, 5 young (5120K), 5 survivors (5120K)
 Metaspace       used 14801K, committed 15104K, reserved 1114112K
  class space    used 1576K, committed 1728K, reserved 1048576K
}
Event: 5.895 GC heap before
{Heap before GC invocations=4 (full 0):
 garbage-first heap   total 126976K, used 40144K [0x0000000084000000, 0x0000000100000000)
  region size 1024K, 27 young (27648K), 5 survivors (5120K)
 Metaspace       used 21211K, committed 21504K, reserved 1114112K
  class space    used 2333K, committed 2496K, reserved 1048576K
}
Event: 5.903 GC heap after
{Heap after GC invocations=5 (full 0):
 garbage-first heap   total 126976K, used 19664K [0x0000000084000000, 0x0000000100000000)
  region size 1024K, 7 young (7168K), 7 survivors (7168K)
 Metaspace       used 21211K, committed 21504K, reserved 1114112K
  class space    used 2333K, committed 2496K, reserved 1048576K
}
Event: 6.929 GC heap before
{Heap before GC invocations=6 (full 0):
 garbage-first heap   total 71680K, used 56528K [0x0000000084000000, 0x0000000100000000)
  region size 1024K, 42 young (43008K), 7 survivors (7168K)
 Metaspace       used 23196K, committed 23552K, reserved 1114112K
  class space    used 2534K, committed 2688K, reserved 1048576K
}
Event: 6.956 GC heap after
{Heap after GC invocations=7 (full 0):
 garbage-first heap   total 95232K, used 34784K [0x0000000084000000, 0x0000000100000000)
  region size 1024K, 6 young (6144K), 6 survivors (6144K)
 Metaspace       used 23196K, committed 23552K, reserved 1114112K
  class space    used 2534K, committed 2688K, reserved 1048576K
}
Event: 7.666 GC heap before
{Heap before GC invocations=7 (full 0):
 garbage-first heap   total 95232K, used 67552K [0x0000000084000000, 0x0000000100000000)
  region size 1024K, 37 young (37888K), 6 survivors (6144K)
 Metaspace       used 23760K, committed 24064K, reserved 1114112K
  class space    used 2589K, committed 2752K, reserved 1048576K
}
Event: 7.680 GC heap after
{Heap after GC invocations=8 (full 0):
 garbage-first heap   total 95232K, used 42704K [0x0000000084000000, 0x0000000100000000)
  region size 1024K, 5 young (5120K), 5 survivors (5120K)
 Metaspace       used 23760K, committed 24064K, reserved 1114112K
  class space    used 2589K, committed 2752K, reserved 1048576K
}
Event: 8.689 GC heap before
{Heap before GC invocations=8 (full 0):
 garbage-first heap   total 95232K, used 70352K [0x0000000084000000, 0x0000000100000000)
  region size 1024K, 31 young (31744K), 5 survivors (5120K)
 Metaspace       used 24903K, committed 25280K, reserved 1114112K
  class space    used 2692K, committed 2880K, reserved 1048576K
}
Event: 8.706 GC heap after
{Heap after GC invocations=9 (full 0):
 garbage-first heap   total 95232K, used 48336K [0x0000000084000000, 0x0000000100000000)
  region size 1024K, 4 young (4096K), 4 survivors (4096K)
 Metaspace       used 24903K, committed 25280K, reserved 1114112K
  class space    used 2692K, committed 2880K, reserved 1048576K
}
Event: 9.659 GC heap before
{Heap before GC invocations=9 (full 0):
 garbage-first heap   total 95232K, used 70864K [0x0000000084000000, 0x0000000100000000)
  region size 1024K, 27 young (27648K), 4 survivors (4096K)
 Metaspace       used 26234K, committed 26560K, reserved 1114112K
  class space    used 2840K, committed 3008K, reserved 1048576K
}
Event: 9.669 GC heap after
{Heap after GC invocations=10 (full 0):
 garbage-first heap   total 95232K, used 48848K [0x0000000084000000, 0x0000000100000000)
  region size 1024K, 1 young (1024K), 1 survivors (1024K)
 Metaspace       used 26234K, committed 26560K, reserved 1114112K
  class space    used 2840K, committed 3008K, reserved 1048576K
}
Event: 10.773 GC heap before
{Heap before GC invocations=11 (full 0):
 garbage-first heap   total 95232K, used 73424K [0x0000000084000000, 0x0000000100000000)
  region size 1024K, 25 young (25600K), 1 survivors (1024K)
 Metaspace       used 26890K, committed 27328K, reserved 1114112K
  class space    used 2912K, committed 3136K, reserved 1048576K
}
Event: 10.781 GC heap after
{Heap after GC invocations=12 (full 0):
 garbage-first heap   total 95232K, used 49814K [0x0000000084000000, 0x0000000100000000)
  region size 1024K, 2 young (2048K), 2 survivors (2048K)
 Metaspace       used 26890K, committed 27328K, reserved 1114112K
  class space    used 2912K, committed 3136K, reserved 1048576K
}
Event: 11.353 GC heap before
{Heap before GC invocations=12 (full 0):
 garbage-first heap   total 95232K, used 74390K [0x0000000084000000, 0x0000000100000000)
  region size 1024K, 26 young (26624K), 2 survivors (2048K)
 Metaspace       used 27087K, committed 27584K, reserved 1114112K
  class space    used 2921K, committed 3136K, reserved 1048576K
}
Event: 11.367 GC heap after
{Heap after GC invocations=13 (full 0):
 garbage-first heap   total 95232K, used 50712K [0x0000000084000000, 0x0000000100000000)
  region size 1024K, 3 young (3072K), 3 survivors (3072K)
 Metaspace       used 27087K, committed 27584K, reserved 1114112K
  class space    used 2921K, committed 3136K, reserved 1048576K
}
Event: 11.879 GC heap before
{Heap before GC invocations=14 (full 0):
 garbage-first heap   total 95232K, used 75288K [0x0000000084000000, 0x0000000100000000)
  region size 1024K, 27 young (27648K), 3 survivors (3072K)
 Metaspace       used 27248K, committed 27776K, reserved 1114112K
  class space    used 2922K, committed 3136K, reserved 1048576K
}
Event: 11.890 GC heap after
{Heap after GC invocations=15 (full 0):
 garbage-first heap   total 95232K, used 50749K [0x0000000084000000, 0x0000000100000000)
  region size 1024K, 2 young (2048K), 2 survivors (2048K)
 Metaspace       used 27248K, committed 27776K, reserved 1114112K
  class space    used 2922K, committed 3136K, reserved 1048576K
}
Event: 12.861 GC heap before
{Heap before GC invocations=15 (full 0):
 garbage-first heap   total 95232K, used 76349K [0x0000000084000000, 0x0000000100000000)
  region size 1024K, 27 young (27648K), 2 survivors (2048K)
 Metaspace       used 28640K, committed 29120K, reserved 1114112K
  class space    used 3114K, committed 3328K, reserved 1048576K
}
Event: 12.871 GC heap after
{Heap after GC invocations=16 (full 0):
 garbage-first heap   total 114688K, used 51349K [0x0000000084000000, 0x0000000100000000)
  region size 1024K, 2 young (2048K), 2 survivors (2048K)
 Metaspace       used 28640K, committed 29120K, reserved 1114112K
  class space    used 3114K, committed 3328K, reserved 1048576K
}

